<?xml version="1.0" encoding="UTF-8"?>
<!-- Generated by org.testng.reporters.JUnitXMLReporter -->
<testsuite ignored="0" hostname="Tushars-MacBook-Air.local" failures="0" tests="3" name="Submit Order Test" time="28.519" errors="0" timestamp="2025-03-04T02:33:21 IST">
  <testcase classname="tushargaurautomation.tests.SubmitOrderTest" name="OrderHistoryTest" time="0.361"/>
  <testcase classname="tushargaurautomation.tests.SubmitOrderTest" name="submitOrder" time="11.162"/>
  <testcase classname="tushargaurautomation.tests.SubmitOrderTest" name="submitOrder" time="11.151"/>
</testsuite> <!-- Submit Order Test -->
