<?xml version="1.0" encoding="UTF-8"?>
<testng-results ignored="0" total="5" passed="5" failed="0" skipped="0">
  <reporter-output>
  </reporter-output>
  <suite started-at="2025-03-04T02:32:53 IST" name="Suite" finished-at="2025-03-04T02:33:35 IST" duration-ms="42402">
    <groups>
      <group name="ErrorHandling">
        <method signature="ErrorValidationsTest.LoginErrorValidation()[pri:0, instance:tushargaurautomation.tests.ErrorValidationsTest@1807f5a7]" name="LoginErrorValidation" class="tushargaurautomation.tests.ErrorValidationsTest"/>
        <method signature="ErrorValidationsTest.ProductErrorValidation()[pri:0, instance:tushargaurautomation.tests.ErrorValidationsTest@1807f5a7]" name="ProductErrorValidation" class="tushargaurautomation.tests.ErrorValidationsTest"/>
      </group> <!-- ErrorHandling -->
      <group name="Purchase">
        <method signature="SubmitOrderTest.submitOrder(java.util.HashMap)[pri:0, instance:tushargaurautomation.tests.SubmitOrderTest@548a24a]" name="submitOrder" class="tushargaurautomation.tests.SubmitOrderTest"/>
      </group> <!-- Purchase -->
    </groups>
    <test started-at="2025-03-04T02:32:53 IST" name="Submit Order Test" finished-at="2025-03-04T02:33:21 IST" duration-ms="28519">
      <class name="tushargaurautomation.tests.SubmitOrderTest">
        <test-method is-config="true" signature="launchApplication()[pri:0, instance:tushargaurautomation.tests.SubmitOrderTest@548a24a]" started-at="2025-03-04T02:32:53 IST" name="launchApplication" finished-at="2025-03-04T02:32:54 IST" duration-ms="1794" status="PASS">
          <reporter-output>
          </reporter-output>
        </test-method> <!-- launchApplication -->
        <test-method signature="OrderHistoryTest()[pri:0, instance:tushargaurautomation.tests.SubmitOrderTest@548a24a]" started-at="2025-03-04T02:32:54 IST" name="OrderHistoryTest" finished-at="2025-03-04T02:32:55 IST" duration-ms="361" status="PASS">
          <reporter-output>
          </reporter-output>
        </test-method> <!-- OrderHistoryTest -->
        <test-method is-config="true" signature="Teardown()[pri:0, instance:tushargaurautomation.tests.SubmitOrderTest@548a24a]" started-at="2025-03-04T02:32:55 IST" name="Teardown" finished-at="2025-03-04T02:32:55 IST" duration-ms="113" status="PASS">
          <reporter-output>
          </reporter-output>
        </test-method> <!-- Teardown -->
        <test-method is-config="true" signature="launchApplication()[pri:0, instance:tushargaurautomation.tests.SubmitOrderTest@548a24a]" started-at="2025-03-04T02:32:55 IST" name="launchApplication" finished-at="2025-03-04T02:32:56 IST" duration-ms="1369" status="PASS">
          <reporter-output>
          </reporter-output>
        </test-method> <!-- launchApplication -->
        <test-method signature="submitOrder(java.util.HashMap)[pri:0, instance:tushargaurautomation.tests.SubmitOrderTest@548a24a]" started-at="2025-03-04T02:32:56 IST" name="submitOrder" data-provider="getData" finished-at="2025-03-04T02:33:08 IST" duration-ms="11162" status="PASS">
          <params>
            <param index="0">
              <value>
                <![CDATA[{password=Test1234, productName=ZARA COAT 3, username=gaur.tushar281@gmail.com}]]>
              </value>
            </param>
          </params>
          <reporter-output>
          </reporter-output>
        </test-method> <!-- submitOrder -->
        <test-method is-config="true" signature="Teardown()[pri:0, instance:tushargaurautomation.tests.SubmitOrderTest@548a24a]" started-at="2025-03-04T02:33:08 IST" name="Teardown" finished-at="2025-03-04T02:33:08 IST" duration-ms="112" status="PASS">
          <reporter-output>
          </reporter-output>
        </test-method> <!-- Teardown -->
        <test-method is-config="true" signature="launchApplication()[pri:0, instance:tushargaurautomation.tests.SubmitOrderTest@548a24a]" started-at="2025-03-04T02:33:08 IST" name="launchApplication" finished-at="2025-03-04T02:33:10 IST" duration-ms="2265" status="PASS">
          <reporter-output>
          </reporter-output>
        </test-method> <!-- launchApplication -->
        <test-method signature="submitOrder(java.util.HashMap)[pri:0, instance:tushargaurautomation.tests.SubmitOrderTest@548a24a]" started-at="2025-03-04T02:33:10 IST" name="submitOrder" data-provider="getData" finished-at="2025-03-04T02:33:21 IST" duration-ms="11151" status="PASS">
          <params>
            <param index="0">
              <value>
                <![CDATA[{password=Test1234, productName=IPHONE 13 PRO, username=gaur.tushar281@gmail.com}]]>
              </value>
            </param>
          </params>
          <reporter-output>
          </reporter-output>
        </test-method> <!-- submitOrder -->
        <test-method is-config="true" signature="Teardown()[pri:0, instance:tushargaurautomation.tests.SubmitOrderTest@548a24a]" started-at="2025-03-04T02:33:21 IST" name="Teardown" finished-at="2025-03-04T02:33:21 IST" duration-ms="116" status="PASS">
          <reporter-output>
          </reporter-output>
        </test-method> <!-- Teardown -->
      </class> <!-- tushargaurautomation.tests.SubmitOrderTest -->
    </test> <!-- Submit Order Test -->
    <test started-at="2025-03-04T02:33:21 IST" name="Error Validations Test" finished-at="2025-03-04T02:33:35 IST" duration-ms="13786">
      <class name="tushargaurautomation.tests.ErrorValidationsTest">
        <test-method is-config="true" signature="launchApplication()[pri:0, instance:tushargaurautomation.tests.ErrorValidationsTest@1807f5a7]" started-at="2025-03-04T02:33:21 IST" name="launchApplication" finished-at="2025-03-04T02:33:23 IST" duration-ms="1404" status="PASS">
          <reporter-output>
          </reporter-output>
        </test-method> <!-- launchApplication -->
        <test-method signature="LoginErrorValidation()[pri:0, instance:tushargaurautomation.tests.ErrorValidationsTest@1807f5a7]" started-at="2025-03-04T02:33:23 IST" name="LoginErrorValidation" finished-at="2025-03-04T02:33:23 IST" duration-ms="304" status="PASS">
          <reporter-output>
          </reporter-output>
        </test-method> <!-- LoginErrorValidation -->
        <test-method is-config="true" signature="Teardown()[pri:0, instance:tushargaurautomation.tests.ErrorValidationsTest@1807f5a7]" started-at="2025-03-04T02:33:23 IST" name="Teardown" finished-at="2025-03-04T02:33:23 IST" duration-ms="110" status="PASS">
          <reporter-output>
          </reporter-output>
        </test-method> <!-- Teardown -->
        <test-method is-config="true" signature="launchApplication()[pri:0, instance:tushargaurautomation.tests.ErrorValidationsTest@1807f5a7]" started-at="2025-03-04T02:33:23 IST" name="launchApplication" finished-at="2025-03-04T02:33:24 IST" duration-ms="1323" status="PASS">
          <reporter-output>
          </reporter-output>
        </test-method> <!-- launchApplication -->
        <test-method signature="ProductErrorValidation()[pri:0, instance:tushargaurautomation.tests.ErrorValidationsTest@1807f5a7]" started-at="2025-03-04T02:33:24 IST" name="ProductErrorValidation" finished-at="2025-03-04T02:33:35 IST" duration-ms="10533" status="PASS">
          <reporter-output>
          </reporter-output>
        </test-method> <!-- ProductErrorValidation -->
        <test-method is-config="true" signature="Teardown()[pri:0, instance:tushargaurautomation.tests.ErrorValidationsTest@1807f5a7]" started-at="2025-03-04T02:33:35 IST" name="Teardown" finished-at="2025-03-04T02:33:35 IST" duration-ms="109" status="PASS">
          <reporter-output>
          </reporter-output>
        </test-method> <!-- Teardown -->
      </class> <!-- tushargaurautomation.tests.ErrorValidationsTest -->
    </test> <!-- Error Validations Test -->
  </suite> <!-- Suite -->
</testng-results>
